{"timestamp": "2025-12-01T10:29:57.776177", "tipo": "SOLICITUD_EXITOSA", "user_id": "acbaf605eb52ee91d59cbb46a952b263", "detalles": {"email": "g@gmail.com", "tipo_solicitante": "Distribuidor", "num_equipos": 1}}
{"timestamp": "2025-12-01T12:02:48.155940", "tipo": "SOLICITUD_EXITOSA", "user_id": "12a1d05953238aa8686ab7872b6dfed1", "detalles": {"email": "hola@algo.com", "tipo_solicitante": "Institución", "num_equipos": 1}}
{"timestamp": "2025-12-01T12:09:39.986484", "tipo": "SOLICITUD_EXITOSA", "user_id": "6e42cec137fe54a99788206d93f975e2", "detalles": {"email": "pruebasn@gmail.com", "tipo_solicitante": "Distribuidor", "num_equipos": 4}}
{"timestamp": "2025-12-01T15:19:35.616015", "tipo": "SOLICITUD_EXITOSA", "user_id": "0ec903709768d73beaebf86307a8c5f9", "detalles": {"email": "hola@algo.com", "tipo_solicitante": "Institución", "num_equipos": 1}}
{"timestamp": "2025-12-01T15:33:17.875602", "tipo": "SOLICITUD_EXITOSA", "user_id": "dc30c48b20c6f4240bc6be1f1038aa7b", "detalles": {"email": "g@gmail.com", "tipo_solicitante": "Institución", "num_equipos": 1}}
{"timestamp": "2025-12-01T15:46:14.591065", "tipo": "SOLICITUD_EXITOSA", "user_id": "9a37212b0ffe09903d156766d6220ace", "detalles": {"email": "hola@algo.com", "tipo_solicitante": "Distribuidor", "num_equipos": 1}}
{"timestamp": "2025-12-01T15:57:03.117121", "tipo": "SOLICITUD_EXITOSA", "user_id": "4a6201d65dd8457a6b3c09516815262a", "detalles": {"email": "hola@algo.com", "tipo_solicitante": "Distribuidor", "num_equipos": 1}}
{"timestamp": "2025-12-02T09:00:04.674487", "tipo": "SOLICITUD_EXITOSA", "user_id": "e1182a8e769b6018774d1e299391f3f2", "detalles": {"email": "g@gmail.com", "tipo_solicitante": "Colaborador de Syemed", "num_equipos": 1}}
{"timestamp": "2025-12-02T10:14:20.182109", "tipo": "SOLICITUD_EXITOSA", "user_id": "cafb07ee3f507a0163b5e3d237d62f25", "detalles": {"email": "hola@algo.com", "tipo_solicitante": "Colaborador de Syemed", "num_equipos": 1}}
{"timestamp": "2025-12-02T10:37:10.920577", "tipo": "SOLICITUD_EXITOSA", "user_id": "7fba10621e5f15a788e8b8cc7c64783a", "detalles": {"email": "hola@algo.com", "tipo_solicitante": "Colaborador de Syemed", "num_equipos": 1}}
{"timestamp": "2025-12-02T10:39:43.424199", "tipo": "SOLICITUD_EXITOSA", "user_id": "69b33c14274e57396434dfcc80ba265b", "detalles": {"email": "prueba@gmail.ar", "tipo_solicitante": "Distribuidor", "num_equipos": 1}}
{"timestamp": "2025-12-02T11:05:31.022415", "tipo": "SOLICITUD_EXITOSA", "user_id": "1d1344b9dc32c24b32b2cf53fc59d632", "detalles": {"email": "hola@algo.com", "tipo_solicitante": "Colaborador de Syemed", "num_equipos": 1}}
{"timestamp": "2025-12-02T11:23:59.405737", "tipo": "SOLICITUD_EXITOSA", "user_id": "639ee5697b3001fea38b2aa43dd79ea0", "detalles": {"email": "sn@gmail.com", "tipo_solicitante": "Colaborador de Syemed", "num_equipos": 1}}
{"timestamp": "2025-12-02T11:41:26.170307", "tipo": "SOLICITUD_EXITOSA", "user_id": "19f755cd5a0c21e59f0b2a8c69e55315", "detalles": {"email": "bioingenieriags@syemed.com.ar", "tipo_solicitante": "Colaborador de Syemed", "num_equipos": 1}}
{"timestamp": "2025-12-02T11:53:52.039145", "tipo": "SOLICITUD_EXITOSA", "user_id": "195f7b9589cca72c549fc9e443941497", "detalles": {"email": "bioingenieriags@syemed.com.ar", "tipo_solicitante": "Distribuidor", "num_equipos": 1}}
{"timestamp": "2025-12-02T12:01:12.655772", "tipo": "SOLICITUD_EXITOSA", "user_id": "26fdbd543f5ac574b4cd484c5cbb3a9a", "detalles": {"email": "g@gmail.com", "tipo_solicitante": "Institución", "num_equipos": 1}}
{"timestamp": "2025-12-02T12:06:34.515483", "tipo": "SOLICITUD_EXITOSA", "user_id": "26fdbd543f5ac574b4cd484c5cbb3a9a", "detalles": {"email": "g@gmail.com", "tipo_solicitante": "Institución", "num_equipos": 1}}
{"timestamp": "2025-12-02T12:18:01.586487", "tipo": "SOLICITUD_EXITOSA", "user_id": "4deeae68048a452948511a719e0fc7c0", "detalles": {"email": "sn@gmail.com", "tipo_solicitante": "Distribuidor", "num_equipos": 1}}
{"timestamp": "2025-12-02T12:20:58.185606", "tipo": "SOLICITUD_EXITOSA", "user_id": "0a6d0764d028bcc2f35a5338ef41fd9c", "detalles": {"email": "sn@gmail.com", "tipo_solicitante": "Distribuidor", "num_equipos": 1}}
{"timestamp": "2025-12-02T12:35:31.065320", "tipo": "SOLICITUD_EXITOSA", "user_id": "b35a25aa9be61e034172697903700709", "detalles": {"email": "sn@gmail.com", "tipo_solicitante": "Institución", "num_equipos": 1}}
{"timestamp": "2025-12-02T14:23:17.744034", "tipo": "SOLICITUD_EXITOSA", "user_id": "2010c4673d440aceb5b00045585b1505", "detalles": {"email": "sn@gmail.com", "tipo_solicitante": "Institución", "num_equipos": 1}}
{"timestamp": "2025-12-02T14:54:31.361785", "tipo": "SOLICITUD_EXITOSA", "user_id": "eddfcbe33533e732ff12cf17da0061f6", "detalles": {"email": "sn@gmail.com", "tipo_solicitante": "Colaborador de Syemed", "num_equipos": 1}}
{"timestamp": "2025-12-02T14:56:49.050983", "tipo": "SOLICITUD_EXITOSA", "user_id": "6dbe4161194dda5263371e6d837c51e2", "detalles": {"email": "pruebast@gmail.com", "tipo_solicitante": "Institución", "num_equipos": 1}}
